2026-03-30 03:13:29 [INFO ] com.example.demo.DemoApplicationKt - Starting DemoApplicationKt using Java 17.0.14 with PID 14884 (C:\Users\Asus\Desktop\pipo\pipo2\build\classes\kotlin\main started by Asus in C:\Users\Asus\Desktop\pipo\pipo2)
2026-03-30 03:13:29 [DEBUG] com.example.demo.DemoApplicationKt - Running with Spring Boot v3.1.5, Spring v6.0.13
2026-03-30 03:13:29 [INFO ] com.example.demo.DemoApplicationKt - No active profile set, falling back to 1 default profile: "default"
2026-03-30 03:13:32 [INFO ] o.s.d.r.c.RepositoryConfigurationDelegate - Bootstrapping Spring Data JPA repositories in DEFAULT mode.
2026-03-30 03:13:32 [INFO ] o.s.d.r.c.RepositoryConfigurationDelegate - Finished Spring Data repository scanning in 78 ms. Found 2 JPA repository interfaces.
2026-03-30 03:13:32 [INFO ] o.s.b.w.e.tomcat.TomcatWebServer - Tomcat initialized with port(s): 8080 (http)
2026-03-30 03:13:32 [INFO ] o.a.catalina.core.StandardService - Starting service [Tomcat]
2026-03-30 03:13:32 [INFO ] o.a.catalina.core.StandardEngine - Starting Servlet engine: [Apache Tomcat/10.1.15]
2026-03-30 03:13:33 [INFO ] o.a.c.c.C.[Tomcat].[localhost].[/] - Initializing Spring embedded WebApplicationContext
2026-03-30 03:13:33 [INFO ] o.s.b.w.s.c.ServletWebServerApplicationContext - Root WebApplicationContext: initialization completed in 3745 ms
2026-03-30 03:13:33 [ERROR] o.s.b.w.e.tomcat.TomcatStarter - Error starting Tomcat context. Exception: org.springframework.beans.factory.UnsatisfiedDependencyException. Message: Error creating bean with name 'jwtAuthenticationFilter' defined in file [C:\Users\Asus\Desktop\pipo\pipo2\build\classes\kotlin\main\com\example\demo\security\JwtAuthenticationFilter.class]: Unsatisfied dependency expressed through constructor parameter 0: Error creating bean with name 'jwtTokenProvider': Unsatisfied dependency expressed through field 'jwtExpiration': Failed to convert value of type 'java.lang.String' to required type 'long'; For input string: "86400000//=1000дней"
2026-03-30 03:13:33 [INFO ] o.a.catalina.core.StandardService - Stopping service [Tomcat]
2026-03-30 03:13:33 [WARN ] o.s.b.w.s.c.AnnotationConfigServletWebServerApplicationContext - Exception encountered during context initialization - cancelling refresh attempt: org.springframework.context.ApplicationContextException: Unable to start web server
2026-03-30 03:13:33 [INFO ] o.s.b.a.l.ConditionEvaluationReportLogger - 

Error starting ApplicationContext. To display the condition evaluation report re-run your application with 'debug' enabled.
2026-03-30 03:13:33 [ERROR] o.s.boot.SpringApplication - Application run failed
org.springframework.context.ApplicationContextException: Unable to start web server
	at org.springframework.boot.web.servlet.context.ServletWebServerApplicationContext.onRefresh(ServletWebServerApplicationContext.java:164)
	at org.springframework.context.support.AbstractApplicationContext.refresh(AbstractApplicationContext.java:610)
	at org.springframework.boot.web.servlet.context.ServletWebServerApplicationContext.refresh(ServletWebServerApplicationContext.java:146)
	at org.springframework.boot.SpringApplication.refresh(SpringApplication.java:738)
	at org.springframework.boot.SpringApplication.refreshContext(SpringApplication.java:440)
	at org.springframework.boot.SpringApplication.run(SpringApplication.java:316)
	at org.springframework.boot.SpringApplication.run(SpringApplication.java:1306)
	at org.springframework.boot.SpringApplication.run(SpringApplication.java:1295)
	at com.example.demo.DemoApplicationKt.main(DemoApplication.kt:16)
Caused by: org.springframework.boot.web.server.WebServerException: Unable to start embedded Tomcat
	at org.springframework.boot.web.embedded.tomcat.TomcatWebServer.initialize(TomcatWebServer.java:142)
	at org.springframework.boot.web.embedded.tomcat.TomcatWebServer.<init>(TomcatWebServer.java:104)
	at org.springframework.boot.web.embedded.tomcat.TomcatServletWebServerFactory.getTomcatWebServer(TomcatServletWebServerFactory.java:489)
	at org.springframework.boot.web.embedded.tomcat.TomcatServletWebServerFactory.getWebServer(TomcatServletWebServerFactory.java:211)
	at org.springframework.boot.web.servlet.context.ServletWebServerApplicationContext.createWebServer(ServletWebServerApplicationContext.java:183)
	at org.springframework.boot.web.servlet.context.ServletWebServerApplicationContext.onRefresh(ServletWebServerApplicationContext.java:161)
	... 8 common frames omitted
Caused by: org.springframework.beans.factory.UnsatisfiedDependencyException: Error creating bean with name 'jwtAuthenticationFilter' defined in file [C:\Users\Asus\Desktop\pipo\pipo2\build\classes\kotlin\main\com\example\demo\security\JwtAuthenticationFilter.class]: Unsatisfied dependency expressed through constructor parameter 0: Error creating bean with name 'jwtTokenProvider': Unsatisfied dependency expressed through field 'jwtExpiration': Failed to convert value of type 'java.lang.String' to required type 'long'; For input string: "86400000//=1000дней"
	at org.springframework.beans.factory.support.ConstructorResolver.createArgumentArray(ConstructorResolver.java:801)
	at org.springframework.beans.factory.support.ConstructorResolver.autowireConstructor(ConstructorResolver.java:240)
	at org.springframework.beans.factory.support.AbstractAutowireCapableBeanFactory.autowireConstructor(AbstractAutowireCapableBeanFactory.java:1352)
	at org.springframework.beans.factory.support.AbstractAutowireCapableBeanFactory.createBeanInstance(AbstractAutowireCapableBeanFactory.java:1189)
	at org.springframework.beans.factory.support.AbstractAutowireCapableBeanFactory.doCreateBean(AbstractAutowireCapableBeanFactory.java:560)
	at org.springframework.beans.factory.support.AbstractAutowireCapableBeanFactory.createBean(AbstractAutowireCapableBeanFactory.java:520)
	at org.springframework.beans.factory.support.AbstractBeanFactory.lambda$doGetBean$0(AbstractBeanFactory.java:325)
	at org.springframework.beans.factory.support.DefaultSingletonBeanRegistry.getSingleton(DefaultSingletonBeanRegistry.java:234)
	at org.springframework.beans.factory.support.AbstractBeanFactory.doGetBean(AbstractBeanFactory.java:323)
	at org.springframework.beans.factory.support.AbstractBeanFactory.getBean(AbstractBeanFactory.java:204)
	at org.springframework.boot.web.servlet.ServletContextInitializerBeans.getOrderedBeansOfType(ServletContextInitializerBeans.java:210)
	at org.springframework.boot.web.servlet.ServletContextInitializerBeans.addAsRegistrationBean(ServletContextInitializerBeans.java:173)
	at org.springframework.boot.web.servlet.ServletContextInitializerBeans.addAsRegistrationBean(ServletContextInitializerBeans.java:168)
	at org.springframework.boot.web.servlet.ServletContextInitializerBeans.addAdaptableBeans(ServletContextInitializerBeans.java:153)
	at org.springframework.boot.web.servlet.ServletContextInitializerBeans.<init>(ServletContextInitializerBeans.java:86)
	at org.springframework.boot.web.servlet.context.ServletWebServerApplicationContext.getServletContextInitializerBeans(ServletWebServerApplicationContext.java:261)
	at org.springframework.boot.web.servlet.context.ServletWebServerApplicationContext.selfInitialize(ServletWebServerApplicationContext.java:235)
	at org.springframework.boot.web.embedded.tomcat.TomcatStarter.onStartup(TomcatStarter.java:52)
	at org.apache.catalina.core.StandardContext.startInternal(StandardContext.java:4850)
	at org.apache.catalina.util.LifecycleBase.start(LifecycleBase.java:171)
	at org.apache.catalina.core.ContainerBase$StartChild.call(ContainerBase.java:1332)
	at org.apache.catalina.core.ContainerBase$StartChild.call(ContainerBase.java:1322)
	at java.base/java.util.concurrent.FutureTask.run(FutureTask.java:264)
	at org.apache.tomcat.util.threads.InlineExecutorService.execute(InlineExecutorService.java:75)
	at java.base/java.util.concurrent.AbstractExecutorService.submit(AbstractExecutorService.java:145)
	at org.apache.catalina.core.ContainerBase.startInternal(ContainerBase.java:866)
	at org.apache.catalina.core.StandardHost.startInternal(StandardHost.java:845)
	at org.apache.catalina.util.LifecycleBase.start(LifecycleBase.java:171)
	at org.apache.catalina.core.ContainerBase$StartChild.call(ContainerBase.java:1332)
	at org.apache.catalina.core.ContainerBase$StartChild.call(ContainerBase.java:1322)
	at java.base/java.util.concurrent.FutureTask.run(FutureTask.java:264)
	at org.apache.tomcat.util.threads.InlineExecutorService.execute(InlineExecutorService.java:75)
	at java.base/java.util.concurrent.AbstractExecutorService.submit(AbstractExecutorService.java:145)
	at org.apache.catalina.core.ContainerBase.startInternal(ContainerBase.java:866)
	at org.apache.catalina.core.StandardEngine.startInternal(StandardEngine.java:240)
	at org.apache.catalina.util.LifecycleBase.start(LifecycleBase.java:171)
	at org.apache.catalina.core.StandardService.startInternal(StandardService.java:433)
	at org.apache.catalina.util.LifecycleBase.start(LifecycleBase.java:171)
	at org.apache.catalina.core.StandardServer.startInternal(StandardServer.java:917)
	at org.apache.catalina.util.LifecycleBase.start(LifecycleBase.java:171)
	at org.apache.catalina.startup.Tomcat.start(Tomcat.java:488)
	at org.springframework.boot.web.embedded.tomcat.TomcatWebServer.initialize(TomcatWebServer.java:123)
	... 13 common frames omitted
Caused by: org.springframework.beans.factory.UnsatisfiedDependencyException: Error creating bean with name 'jwtTokenProvider': Unsatisfied dependency expressed through field 'jwtExpiration': Failed to convert value of type 'java.lang.String' to required type 'long'; For input string: "86400000//=1000дней"
	at org.springframework.beans.factory.annotation.AutowiredAnnotationBeanPostProcessor$AutowiredFieldElement.resolveFieldValue(AutowiredAnnotationBeanPostProcessor.java:767)
	at org.springframework.beans.factory.annotation.AutowiredAnnotationBeanPostProcessor$AutowiredFieldElement.inject(AutowiredAnnotationBeanPostProcessor.java:747)
	at org.springframework.beans.factory.annotation.InjectionMetadata.inject(InjectionMetadata.java:145)
	at org.springframework.beans.factory.annotation.AutowiredAnnotationBeanPostProcessor.postProcessProperties(AutowiredAnnotationBeanPostProcessor.java:492)
	at org.springframework.beans.factory.support.AbstractAutowireCapableBeanFactory.populateBean(AbstractAutowireCapableBeanFactory.java:1416)
	at org.springframework.beans.factory.support.AbstractAutowireCapableBeanFactory.doCreateBean(AbstractAutowireCapableBeanFactory.java:597)
	at org.springframework.beans.factory.support.AbstractAutowireCapableBeanFactory.createBean(AbstractAutowireCapableBeanFactory.java:520)
	at org.springframework.beans.factory.support.AbstractBeanFactory.lambda$doGetBean$0(AbstractBeanFactory.java:325)
	at org.springframework.beans.factory.support.DefaultSingletonBeanRegistry.getSingleton(DefaultSingletonBeanRegistry.java:234)
	at org.springframework.beans.factory.support.AbstractBeanFactory.doGetBean(AbstractBeanFactory.java:323)
	at org.springframework.beans.factory.support.AbstractBeanFactory.getBean(AbstractBeanFactory.java:199)
	at org.springframework.beans.factory.config.DependencyDescriptor.resolveCandidate(DependencyDescriptor.java:254)
	at org.springframework.beans.factory.support.DefaultListableBeanFactory.doResolveDependency(DefaultListableBeanFactory.java:1417)
	at org.springframework.beans.factory.support.DefaultListableBeanFactory.resolveDependency(DefaultListableBeanFactory.java:1337)
	at org.springframework.beans.factory.support.ConstructorResolver.resolveAutowiredArgument(ConstructorResolver.java:910)
	at org.springframework.beans.factory.support.ConstructorResolver.createArgumentArray(ConstructorResolver.java:788)
	... 54 common frames omitted
Caused by: org.springframework.beans.TypeMismatchException: Failed to convert value of type 'java.lang.String' to required type 'long'; For input string: "86400000//=1000дней"
	at org.springframework.beans.TypeConverterSupport.convertIfNecessary(TypeConverterSupport.java:79)
	at org.springframework.beans.factory.support.DefaultListableBeanFactory.doResolveDependency(DefaultListableBeanFactory.java:1365)
	at org.springframework.beans.factory.support.DefaultListableBeanFactory.resolveDependency(DefaultListableBeanFactory.java:1337)
	at org.springframework.beans.factory.annotation.AutowiredAnnotationBeanPostProcessor$AutowiredFieldElement.resolveFieldValue(AutowiredAnnotationBeanPostProcessor.java:764)
	... 69 common frames omitted
Caused by: java.lang.NumberFormatException: For input string: "86400000//=1000дней"
	at java.base/java.lang.NumberFormatException.forInputString(NumberFormatException.java:67)
	at java.base/java.lang.Long.parseLong(Long.java:711)
	at java.base/java.lang.Long.valueOf(Long.java:1163)
	at org.springframework.util.NumberUtils.parseNumber(NumberUtils.java:206)
	at org.springframework.beans.propertyeditors.CustomNumberEditor.setAsText(CustomNumberEditor.java:115)
	at org.springframework.beans.TypeConverterDelegate.doConvertTextValue(TypeConverterDelegate.java:426)
	at org.springframework.beans.TypeConverterDelegate.doConvertValue(TypeConverterDelegate.java:399)
	at org.springframework.beans.TypeConverterDelegate.convertIfNecessary(TypeConverterDelegate.java:155)
	at org.springframework.beans.TypeConverterSupport.convertIfNecessary(TypeConverterSupport.java:73)
	... 72 common frames omitted
2026-03-30 03:14:01 [INFO ] com.example.demo.DemoApplicationKt - Starting DemoApplicationKt using Java 17.0.14 with PID 18796 (C:\Users\Asus\Desktop\pipo\pipo2\build\classes\kotlin\main started by Asus in C:\Users\Asus\Desktop\pipo\pipo2)
2026-03-30 03:14:01 [DEBUG] com.example.demo.DemoApplicationKt - Running with Spring Boot v3.1.5, Spring v6.0.13
2026-03-30 03:14:01 [INFO ] com.example.demo.DemoApplicationKt - No active profile set, falling back to 1 default profile: "default"
2026-03-30 03:14:02 [INFO ] o.s.d.r.c.RepositoryConfigurationDelegate - Bootstrapping Spring Data JPA repositories in DEFAULT mode.
2026-03-30 03:14:02 [INFO ] o.s.d.r.c.RepositoryConfigurationDelegate - Finished Spring Data repository scanning in 48 ms. Found 2 JPA repository interfaces.
2026-03-30 03:14:03 [INFO ] o.s.b.w.e.tomcat.TomcatWebServer - Tomcat initialized with port(s): 8080 (http)
2026-03-30 03:14:03 [INFO ] o.a.catalina.core.StandardService - Starting service [Tomcat]
2026-03-30 03:14:03 [INFO ] o.a.catalina.core.StandardEngine - Starting Servlet engine: [Apache Tomcat/10.1.15]
2026-03-30 03:14:03 [INFO ] o.a.c.c.C.[Tomcat].[localhost].[/] - Initializing Spring embedded WebApplicationContext
2026-03-30 03:14:03 [INFO ] o.s.b.w.s.c.ServletWebServerApplicationContext - Root WebApplicationContext: initialization completed in 2251 ms
2026-03-30 03:14:03 [ERROR] o.s.b.w.e.tomcat.TomcatStarter - Error starting Tomcat context. Exception: org.springframework.beans.factory.UnsatisfiedDependencyException. Message: Error creating bean with name 'jwtAuthenticationFilter' defined in file [C:\Users\Asus\Desktop\pipo\pipo2\build\classes\kotlin\main\com\example\demo\security\JwtAuthenticationFilter.class]: Unsatisfied dependency expressed through constructor parameter 0: Error creating bean with name 'jwtTokenProvider': Unsatisfied dependency expressed through field 'jwtExpiration': Failed to convert value of type 'java.lang.String' to required type 'long'; For input string: "86400000//=1000дней"
2026-03-30 03:14:03 [INFO ] o.a.catalina.core.StandardService - Stopping service [Tomcat]
2026-03-30 03:14:03 [WARN ] o.s.b.w.s.c.AnnotationConfigServletWebServerApplicationContext - Exception encountered during context initialization - cancelling refresh attempt: org.springframework.context.ApplicationContextException: Unable to start web server
2026-03-30 03:14:03 [INFO ] o.s.b.a.l.ConditionEvaluationReportLogger - 

Error starting ApplicationContext. To display the condition evaluation report re-run your application with 'debug' enabled.
2026-03-30 03:14:03 [ERROR] o.s.boot.SpringApplication - Application run failed
org.springframework.context.ApplicationContextException: Unable to start web server
	at org.springframework.boot.web.servlet.context.ServletWebServerApplicationContext.onRefresh(ServletWebServerApplicationContext.java:164)
	at org.springframework.context.support.AbstractApplicationContext.refresh(AbstractApplicationContext.java:610)
	at org.springframework.boot.web.servlet.context.ServletWebServerApplicationContext.refresh(ServletWebServerApplicationContext.java:146)
	at org.springframework.boot.SpringApplication.refresh(SpringApplication.java:738)
	at org.springframework.boot.SpringApplication.refreshContext(SpringApplication.java:440)
	at org.springframework.boot.SpringApplication.run(SpringApplication.java:316)
	at org.springframework.boot.SpringApplication.run(SpringApplication.java:1306)
	at org.springframework.boot.SpringApplication.run(SpringApplication.java:1295)
	at com.example.demo.DemoApplicationKt.main(DemoApplication.kt:16)
Caused by: org.springframework.boot.web.server.WebServerException: Unable to start embedded Tomcat
	at org.springframework.boot.web.embedded.tomcat.TomcatWebServer.initialize(TomcatWebServer.java:142)
	at org.springframework.boot.web.embedded.tomcat.TomcatWebServer.<init>(TomcatWebServer.java:104)
	at org.springframework.boot.web.embedded.tomcat.TomcatServletWebServerFactory.getTomcatWebServer(TomcatServletWebServerFactory.java:489)
	at org.springframework.boot.web.embedded.tomcat.TomcatServletWebServerFactory.getWebServer(TomcatServletWebServerFactory.java:211)
	at org.springframework.boot.web.servlet.context.ServletWebServerApplicationContext.createWebServer(ServletWebServerApplicationContext.java:183)
	at org.springframework.boot.web.servlet.context.ServletWebServerApplicationContext.onRefresh(ServletWebServerApplicationContext.java:161)
	... 8 common frames omitted
Caused by: org.springframework.beans.factory.UnsatisfiedDependencyException: Error creating bean with name 'jwtAuthenticationFilter' defined in file [C:\Users\Asus\Desktop\pipo\pipo2\build\classes\kotlin\main\com\example\demo\security\JwtAuthenticationFilter.class]: Unsatisfied dependency expressed through constructor parameter 0: Error creating bean with name 'jwtTokenProvider': Unsatisfied dependency expressed through field 'jwtExpiration': Failed to convert value of type 'java.lang.String' to required type 'long'; For input string: "86400000//=1000дней"
	at org.springframework.beans.factory.support.ConstructorResolver.createArgumentArray(ConstructorResolver.java:801)
	at org.springframework.beans.factory.support.ConstructorResolver.autowireConstructor(ConstructorResolver.java:240)
	at org.springframework.beans.factory.support.AbstractAutowireCapableBeanFactory.autowireConstructor(AbstractAutowireCapableBeanFactory.java:1352)
	at org.springframework.beans.factory.support.AbstractAutowireCapableBeanFactory.createBeanInstance(AbstractAutowireCapableBeanFactory.java:1189)
	at org.springframework.beans.factory.support.AbstractAutowireCapableBeanFactory.doCreateBean(AbstractAutowireCapableBeanFactory.java:560)
	at org.springframework.beans.factory.support.AbstractAutowireCapableBeanFactory.createBean(AbstractAutowireCapableBeanFactory.java:520)
	at org.springframework.beans.factory.support.AbstractBeanFactory.lambda$doGetBean$0(AbstractBeanFactory.java:325)
	at org.springframework.beans.factory.support.DefaultSingletonBeanRegistry.getSingleton(DefaultSingletonBeanRegistry.java:234)
	at org.springframework.beans.factory.support.AbstractBeanFactory.doGetBean(AbstractBeanFactory.java:323)
	at org.springframework.beans.factory.support.AbstractBeanFactory.getBean(AbstractBeanFactory.java:204)
	at org.springframework.boot.web.servlet.ServletContextInitializerBeans.getOrderedBeansOfType(ServletContextInitializerBeans.java:210)
	at org.springframework.boot.web.servlet.ServletContextInitializerBeans.addAsRegistrationBean(ServletContextInitializerBeans.java:173)
	at org.springframework.boot.web.servlet.ServletContextInitializerBeans.addAsRegistrationBean(ServletContextInitializerBeans.java:168)
	at org.springframework.boot.web.servlet.ServletContextInitializerBeans.addAdaptableBeans(ServletContextInitializerBeans.java:153)
	at org.springframework.boot.web.servlet.ServletContextInitializerBeans.<init>(ServletContextInitializerBeans.java:86)
	at org.springframework.boot.web.servlet.context.ServletWebServerApplicationContext.getServletContextInitializerBeans(ServletWebServerApplicationContext.java:261)
	at org.springframework.boot.web.servlet.context.ServletWebServerApplicationContext.selfInitialize(ServletWebServerApplicationContext.java:235)
	at org.springframework.boot.web.embedded.tomcat.TomcatStarter.onStartup(TomcatStarter.java:52)
	at org.apache.catalina.core.StandardContext.startInternal(StandardContext.java:4850)
	at org.apache.catalina.util.LifecycleBase.start(LifecycleBase.java:171)
	at org.apache.catalina.core.ContainerBase$StartChild.call(ContainerBase.java:1332)
	at org.apache.catalina.core.ContainerBase$StartChild.call(ContainerBase.java:1322)
	at java.base/java.util.concurrent.FutureTask.run(FutureTask.java:264)
	at org.apache.tomcat.util.threads.InlineExecutorService.execute(InlineExecutorService.java:75)
	at java.base/java.util.concurrent.AbstractExecutorService.submit(AbstractExecutorService.java:145)
	at org.apache.catalina.core.ContainerBase.startInternal(ContainerBase.java:866)
	at org.apache.catalina.core.StandardHost.startInternal(StandardHost.java:845)
	at org.apache.catalina.util.LifecycleBase.start(LifecycleBase.java:171)
	at org.apache.catalina.core.ContainerBase$StartChild.call(ContainerBase.java:1332)
	at org.apache.catalina.core.ContainerBase$StartChild.call(ContainerBase.java:1322)
	at java.base/java.util.concurrent.FutureTask.run(FutureTask.java:264)
	at org.apache.tomcat.util.threads.InlineExecutorService.execute(InlineExecutorService.java:75)
	at java.base/java.util.concurrent.AbstractExecutorService.submit(AbstractExecutorService.java:145)
	at org.apache.catalina.core.ContainerBase.startInternal(ContainerBase.java:866)
	at org.apache.catalina.core.StandardEngine.startInternal(StandardEngine.java:240)
	at org.apache.catalina.util.LifecycleBase.start(LifecycleBase.java:171)
	at org.apache.catalina.core.StandardService.startInternal(StandardService.java:433)
	at org.apache.catalina.util.LifecycleBase.start(LifecycleBase.java:171)
	at org.apache.catalina.core.StandardServer.startInternal(StandardServer.java:917)
	at org.apache.catalina.util.LifecycleBase.start(LifecycleBase.java:171)
	at org.apache.catalina.startup.Tomcat.start(Tomcat.java:488)
	at org.springframework.boot.web.embedded.tomcat.TomcatWebServer.initialize(TomcatWebServer.java:123)
	... 13 common frames omitted
Caused by: org.springframework.beans.factory.UnsatisfiedDependencyException: Error creating bean with name 'jwtTokenProvider': Unsatisfied dependency expressed through field 'jwtExpiration': Failed to convert value of type 'java.lang.String' to required type 'long'; For input string: "86400000//=1000дней"
	at org.springframework.beans.factory.annotation.AutowiredAnnotationBeanPostProcessor$AutowiredFieldElement.resolveFieldValue(AutowiredAnnotationBeanPostProcessor.java:767)
	at org.springframework.beans.factory.annotation.AutowiredAnnotationBeanPostProcessor$AutowiredFieldElement.inject(AutowiredAnnotationBeanPostProcessor.java:747)
	at org.springframework.beans.factory.annotation.InjectionMetadata.inject(InjectionMetadata.java:145)
	at org.springframework.beans.factory.annotation.AutowiredAnnotationBeanPostProcessor.postProcessProperties(AutowiredAnnotationBeanPostProcessor.java:492)
	at org.springframework.beans.factory.support.AbstractAutowireCapableBeanFactory.populateBean(AbstractAutowireCapableBeanFactory.java:1416)
	at org.springframework.beans.factory.support.AbstractAutowireCapableBeanFactory.doCreateBean(AbstractAutowireCapableBeanFactory.java:597)
	at org.springframework.beans.factory.support.AbstractAutowireCapableBeanFactory.createBean(AbstractAutowireCapableBeanFactory.java:520)
	at org.springframework.beans.factory.support.AbstractBeanFactory.lambda$doGetBean$0(AbstractBeanFactory.java:325)
	at org.springframework.beans.factory.support.DefaultSingletonBeanRegistry.getSingleton(DefaultSingletonBeanRegistry.java:234)
	at org.springframework.beans.factory.support.AbstractBeanFactory.doGetBean(AbstractBeanFactory.java:323)
	at org.springframework.beans.factory.support.AbstractBeanFactory.getBean(AbstractBeanFactory.java:199)
	at org.springframework.beans.factory.config.DependencyDescriptor.resolveCandidate(DependencyDescriptor.java:254)
	at org.springframework.beans.factory.support.DefaultListableBeanFactory.doResolveDependency(DefaultListableBeanFactory.java:1417)
	at org.springframework.beans.factory.support.DefaultListableBeanFactory.resolveDependency(DefaultListableBeanFactory.java:1337)
	at org.springframework.beans.factory.support.ConstructorResolver.resolveAutowiredArgument(ConstructorResolver.java:910)
	at org.springframework.beans.factory.support.ConstructorResolver.createArgumentArray(ConstructorResolver.java:788)
	... 54 common frames omitted
Caused by: org.springframework.beans.TypeMismatchException: Failed to convert value of type 'java.lang.String' to required type 'long'; For input string: "86400000//=1000дней"
	at org.springframework.beans.TypeConverterSupport.convertIfNecessary(TypeConverterSupport.java:79)
	at org.springframework.beans.factory.support.DefaultListableBeanFactory.doResolveDependency(DefaultListableBeanFactory.java:1365)
	at org.springframework.beans.factory.support.DefaultListableBeanFactory.resolveDependency(DefaultListableBeanFactory.java:1337)
	at org.springframework.beans.factory.annotation.AutowiredAnnotationBeanPostProcessor$AutowiredFieldElement.resolveFieldValue(AutowiredAnnotationBeanPostProcessor.java:764)
	... 69 common frames omitted
Caused by: java.lang.NumberFormatException: For input string: "86400000//=1000дней"
	at java.base/java.lang.NumberFormatException.forInputString(NumberFormatException.java:67)
	at java.base/java.lang.Long.parseLong(Long.java:711)
	at java.base/java.lang.Long.valueOf(Long.java:1163)
	at org.springframework.util.NumberUtils.parseNumber(NumberUtils.java:206)
	at org.springframework.beans.propertyeditors.CustomNumberEditor.setAsText(CustomNumberEditor.java:115)
	at org.springframework.beans.TypeConverterDelegate.doConvertTextValue(TypeConverterDelegate.java:426)
	at org.springframework.beans.TypeConverterDelegate.doConvertValue(TypeConverterDelegate.java:399)
	at org.springframework.beans.TypeConverterDelegate.convertIfNecessary(TypeConverterDelegate.java:155)
	at org.springframework.beans.TypeConverterSupport.convertIfNecessary(TypeConverterSupport.java:73)
	... 72 common frames omitted
2026-03-30 03:14:24 [INFO ] com.example.demo.DemoApplicationKt - Starting DemoApplicationKt using Java 17.0.14 with PID 38076 (C:\Users\Asus\Desktop\pipo\pipo2\build\classes\kotlin\main started by Asus in C:\Users\Asus\Desktop\pipo\pipo2)
2026-03-30 03:14:24 [DEBUG] com.example.demo.DemoApplicationKt - Running with Spring Boot v3.1.5, Spring v6.0.13
2026-03-30 03:14:24 [INFO ] com.example.demo.DemoApplicationKt - No active profile set, falling back to 1 default profile: "default"
2026-03-30 03:14:25 [INFO ] o.s.d.r.c.RepositoryConfigurationDelegate - Bootstrapping Spring Data JPA repositories in DEFAULT mode.
2026-03-30 03:14:25 [INFO ] o.s.d.r.c.RepositoryConfigurationDelegate - Finished Spring Data repository scanning in 48 ms. Found 2 JPA repository interfaces.
2026-03-30 03:14:26 [INFO ] o.s.b.w.e.tomcat.TomcatWebServer - Tomcat initialized with port(s): 8080 (http)
2026-03-30 03:14:26 [INFO ] o.a.catalina.core.StandardService - Starting service [Tomcat]
2026-03-30 03:14:26 [INFO ] o.a.catalina.core.StandardEngine - Starting Servlet engine: [Apache Tomcat/10.1.15]
2026-03-30 03:14:26 [INFO ] o.a.c.c.C.[Tomcat].[localhost].[/] - Initializing Spring embedded WebApplicationContext
2026-03-30 03:14:26 [INFO ] o.s.b.w.s.c.ServletWebServerApplicationContext - Root WebApplicationContext: initialization completed in 2139 ms
2026-03-30 03:14:26 [ERROR] o.s.b.w.e.tomcat.TomcatStarter - Error starting Tomcat context. Exception: org.springframework.beans.factory.UnsatisfiedDependencyException. Message: Error creating bean with name 'jwtAuthenticationFilter' defined in file [C:\Users\Asus\Desktop\pipo\pipo2\build\classes\kotlin\main\com\example\demo\security\JwtAuthenticationFilter.class]: Unsatisfied dependency expressed through constructor parameter 0: Error creating bean with name 'jwtTokenProvider': Unsatisfied dependency expressed through field 'jwtExpiration': Failed to convert value of type 'java.lang.String' to required type 'long'; For input string: "86400000//=1000дней"
2026-03-30 03:14:26 [INFO ] o.a.catalina.core.StandardService - Stopping service [Tomcat]
2026-03-30 03:14:26 [WARN ] o.s.b.w.s.c.AnnotationConfigServletWebServerApplicationContext - Exception encountered during context initialization - cancelling refresh attempt: org.springframework.context.ApplicationContextException: Unable to start web server
2026-03-30 03:14:26 [INFO ] o.s.b.a.l.ConditionEvaluationReportLogger - 

Error starting ApplicationContext. To display the condition evaluation report re-run your application with 'debug' enabled.
2026-03-30 03:14:26 [ERROR] o.s.boot.SpringApplication - Application run failed
org.springframework.context.ApplicationContextException: Unable to start web server
	at org.springframework.boot.web.servlet.context.ServletWebServerApplicationContext.onRefresh(ServletWebServerApplicationContext.java:164)
	at org.springframework.context.support.AbstractApplicationContext.refresh(AbstractApplicationContext.java:610)
	at org.springframework.boot.web.servlet.context.ServletWebServerApplicationContext.refresh(ServletWebServerApplicationContext.java:146)
	at org.springframework.boot.SpringApplication.refresh(SpringApplication.java:738)
	at org.springframework.boot.SpringApplication.refreshContext(SpringApplication.java:440)
	at org.springframework.boot.SpringApplication.run(SpringApplication.java:316)
	at org.springframework.boot.SpringApplication.run(SpringApplication.java:1306)
	at org.springframework.boot.SpringApplication.run(SpringApplication.java:1295)
	at com.example.demo.DemoApplicationKt.main(DemoApplication.kt:16)
Caused by: org.springframework.boot.web.server.WebServerException: Unable to start embedded Tomcat
	at org.springframework.boot.web.embedded.tomcat.TomcatWebServer.initialize(TomcatWebServer.java:142)
	at org.springframework.boot.web.embedded.tomcat.TomcatWebServer.<init>(TomcatWebServer.java:104)
	at org.springframework.boot.web.embedded.tomcat.TomcatServletWebServerFactory.getTomcatWebServer(TomcatServletWebServerFactory.java:489)
	at org.springframework.boot.web.embedded.tomcat.TomcatServletWebServerFactory.getWebServer(TomcatServletWebServerFactory.java:211)
	at org.springframework.boot.web.servlet.context.ServletWebServerApplicationContext.createWebServer(ServletWebServerApplicationContext.java:183)
	at org.springframework.boot.web.servlet.context.ServletWebServerApplicationContext.onRefresh(ServletWebServerApplicationContext.java:161)
	... 8 common frames omitted
Caused by: org.springframework.beans.factory.UnsatisfiedDependencyException: Error creating bean with name 'jwtAuthenticationFilter' defined in file [C:\Users\Asus\Desktop\pipo\pipo2\build\classes\kotlin\main\com\example\demo\security\JwtAuthenticationFilter.class]: Unsatisfied dependency expressed through constructor parameter 0: Error creating bean with name 'jwtTokenProvider': Unsatisfied dependency expressed through field 'jwtExpiration': Failed to convert value of type 'java.lang.String' to required type 'long'; For input string: "86400000//=1000дней"
	at org.springframework.beans.factory.support.ConstructorResolver.createArgumentArray(ConstructorResolver.java:801)
	at org.springframework.beans.factory.support.ConstructorResolver.autowireConstructor(ConstructorResolver.java:240)
	at org.springframework.beans.factory.support.AbstractAutowireCapableBeanFactory.autowireConstructor(AbstractAutowireCapableBeanFactory.java:1352)
	at org.springframework.beans.factory.support.AbstractAutowireCapableBeanFactory.createBeanInstance(AbstractAutowireCapableBeanFactory.java:1189)
	at org.springframework.beans.factory.support.AbstractAutowireCapableBeanFactory.doCreateBean(AbstractAutowireCapableBeanFactory.java:560)
	at org.springframework.beans.factory.support.AbstractAutowireCapableBeanFactory.createBean(AbstractAutowireCapableBeanFactory.java:520)
	at org.springframework.beans.factory.support.AbstractBeanFactory.lambda$doGetBean$0(AbstractBeanFactory.java:325)
	at org.springframework.beans.factory.support.DefaultSingletonBeanRegistry.getSingleton(DefaultSingletonBeanRegistry.java:234)
	at org.springframework.beans.factory.support.AbstractBeanFactory.doGetBean(AbstractBeanFactory.java:323)
	at org.springframework.beans.factory.support.AbstractBeanFactory.getBean(AbstractBeanFactory.java:204)
	at org.springframework.boot.web.servlet.ServletContextInitializerBeans.getOrderedBeansOfType(ServletContextInitializerBeans.java:210)
	at org.springframework.boot.web.servlet.ServletContextInitializerBeans.addAsRegistrationBean(ServletContextInitializerBeans.java:173)
	at org.springframework.boot.web.servlet.ServletContextInitializerBeans.addAsRegistrationBean(ServletContextInitializerBeans.java:168)
	at org.springframework.boot.web.servlet.ServletContextInitializerBeans.addAdaptableBeans(ServletContextInitializerBeans.java:153)
	at org.springframework.boot.web.servlet.ServletContextInitializerBeans.<init>(ServletContextInitializerBeans.java:86)
	at org.springframework.boot.web.servlet.context.ServletWebServerApplicationContext.getServletContextInitializerBeans(ServletWebServerApplicationContext.java:261)
	at org.springframework.boot.web.servlet.context.ServletWebServerApplicationContext.selfInitialize(ServletWebServerApplicationContext.java:235)
	at org.springframework.boot.web.embedded.tomcat.TomcatStarter.onStartup(TomcatStarter.java:52)
	at org.apache.catalina.core.StandardContext.startInternal(StandardContext.java:4850)
	at org.apache.catalina.util.LifecycleBase.start(LifecycleBase.java:171)
	at org.apache.catalina.core.ContainerBase$StartChild.call(ContainerBase.java:1332)
	at org.apache.catalina.core.ContainerBase$StartChild.call(ContainerBase.java:1322)
	at java.base/java.util.concurrent.FutureTask.run(FutureTask.java:264)
	at org.apache.tomcat.util.threads.InlineExecutorService.execute(InlineExecutorService.java:75)
	at java.base/java.util.concurrent.AbstractExecutorService.submit(AbstractExecutorService.java:145)
	at org.apache.catalina.core.ContainerBase.startInternal(ContainerBase.java:866)
	at org.apache.catalina.core.StandardHost.startInternal(StandardHost.java:845)
	at org.apache.catalina.util.LifecycleBase.start(LifecycleBase.java:171)
	at org.apache.catalina.core.ContainerBase$StartChild.call(ContainerBase.java:1332)
	at org.apache.catalina.core.ContainerBase$StartChild.call(ContainerBase.java:1322)
	at java.base/java.util.concurrent.FutureTask.run(FutureTask.java:264)
	at org.apache.tomcat.util.threads.InlineExecutorService.execute(InlineExecutorService.java:75)
	at java.base/java.util.concurrent.AbstractExecutorService.submit(AbstractExecutorService.java:145)
	at org.apache.catalina.core.ContainerBase.startInternal(ContainerBase.java:866)
	at org.apache.catalina.core.StandardEngine.startInternal(StandardEngine.java:240)
	at org.apache.catalina.util.LifecycleBase.start(LifecycleBase.java:171)
	at org.apache.catalina.core.StandardService.startInternal(StandardService.java:433)
	at org.apache.catalina.util.LifecycleBase.start(LifecycleBase.java:171)
	at org.apache.catalina.core.StandardServer.startInternal(StandardServer.java:917)
	at org.apache.catalina.util.LifecycleBase.start(LifecycleBase.java:171)
	at org.apache.catalina.startup.Tomcat.start(Tomcat.java:488)
	at org.springframework.boot.web.embedded.tomcat.TomcatWebServer.initialize(TomcatWebServer.java:123)
	... 13 common frames omitted
Caused by: org.springframework.beans.factory.UnsatisfiedDependencyException: Error creating bean with name 'jwtTokenProvider': Unsatisfied dependency expressed through field 'jwtExpiration': Failed to convert value of type 'java.lang.String' to required type 'long'; For input string: "86400000//=1000дней"
	at org.springframework.beans.factory.annotation.AutowiredAnnotationBeanPostProcessor$AutowiredFieldElement.resolveFieldValue(AutowiredAnnotationBeanPostProcessor.java:767)
	at org.springframework.beans.factory.annotation.AutowiredAnnotationBeanPostProcessor$AutowiredFieldElement.inject(AutowiredAnnotationBeanPostProcessor.java:747)
	at org.springframework.beans.factory.annotation.InjectionMetadata.inject(InjectionMetadata.java:145)
	at org.springframework.beans.factory.annotation.AutowiredAnnotationBeanPostProcessor.postProcessProperties(AutowiredAnnotationBeanPostProcessor.java:492)
	at org.springframework.beans.factory.support.AbstractAutowireCapableBeanFactory.populateBean(AbstractAutowireCapableBeanFactory.java:1416)
	at org.springframework.beans.factory.support.AbstractAutowireCapableBeanFactory.doCreateBean(AbstractAutowireCapableBeanFactory.java:597)
	at org.springframework.beans.factory.support.AbstractAutowireCapableBeanFactory.createBean(AbstractAutowireCapableBeanFactory.java:520)
	at org.springframework.beans.factory.support.AbstractBeanFactory.lambda$doGetBean$0(AbstractBeanFactory.java:325)
	at org.springframework.beans.factory.support.DefaultSingletonBeanRegistry.getSingleton(DefaultSingletonBeanRegistry.java:234)
	at org.springframework.beans.factory.support.AbstractBeanFactory.doGetBean(AbstractBeanFactory.java:323)
	at org.springframework.beans.factory.support.AbstractBeanFactory.getBean(AbstractBeanFactory.java:199)
	at org.springframework.beans.factory.config.DependencyDescriptor.resolveCandidate(DependencyDescriptor.java:254)
	at org.springframework.beans.factory.support.DefaultListableBeanFactory.doResolveDependency(DefaultListableBeanFactory.java:1417)
	at org.springframework.beans.factory.support.DefaultListableBeanFactory.resolveDependency(DefaultListableBeanFactory.java:1337)
	at org.springframework.beans.factory.support.ConstructorResolver.resolveAutowiredArgument(ConstructorResolver.java:910)
	at org.springframework.beans.factory.support.ConstructorResolver.createArgumentArray(ConstructorResolver.java:788)
	... 54 common frames omitted
Caused by: org.springframework.beans.TypeMismatchException: Failed to convert value of type 'java.lang.String' to required type 'long'; For input string: "86400000//=1000дней"
	at org.springframework.beans.TypeConverterSupport.convertIfNecessary(TypeConverterSupport.java:79)
	at org.springframework.beans.factory.support.DefaultListableBeanFactory.doResolveDependency(DefaultListableBeanFactory.java:1365)
	at org.springframework.beans.factory.support.DefaultListableBeanFactory.resolveDependency(DefaultListableBeanFactory.java:1337)
	at org.springframework.beans.factory.annotation.AutowiredAnnotationBeanPostProcessor$AutowiredFieldElement.resolveFieldValue(AutowiredAnnotationBeanPostProcessor.java:764)
	... 69 common frames omitted
Caused by: java.lang.NumberFormatException: For input string: "86400000//=1000дней"
	at java.base/java.lang.NumberFormatException.forInputString(NumberFormatException.java:67)
	at java.base/java.lang.Long.parseLong(Long.java:711)
	at java.base/java.lang.Long.valueOf(Long.java:1163)
	at org.springframework.util.NumberUtils.parseNumber(NumberUtils.java:206)
	at org.springframework.beans.propertyeditors.CustomNumberEditor.setAsText(CustomNumberEditor.java:115)
	at org.springframework.beans.TypeConverterDelegate.doConvertTextValue(TypeConverterDelegate.java:426)
	at org.springframework.beans.TypeConverterDelegate.doConvertValue(TypeConverterDelegate.java:399)
	at org.springframework.beans.TypeConverterDelegate.convertIfNecessary(TypeConverterDelegate.java:155)
	at org.springframework.beans.TypeConverterSupport.convertIfNecessary(TypeConverterSupport.java:73)
	... 72 common frames omitted
2026-03-30 03:15:15 [INFO ] com.example.demo.DemoApplicationKt - Starting DemoApplicationKt using Java 17.0.14 with PID 6276 (C:\Users\Asus\Desktop\pipo\pipo2\build\classes\kotlin\main started by Asus in C:\Users\Asus\Desktop\pipo\pipo2)
2026-03-30 03:15:15 [DEBUG] com.example.demo.DemoApplicationKt - Running with Spring Boot v3.1.5, Spring v6.0.13
2026-03-30 03:15:15 [INFO ] com.example.demo.DemoApplicationKt - No active profile set, falling back to 1 default profile: "default"
2026-03-30 03:15:16 [INFO ] o.s.d.r.c.RepositoryConfigurationDelegate - Bootstrapping Spring Data JPA repositories in DEFAULT mode.
2026-03-30 03:15:16 [INFO ] o.s.d.r.c.RepositoryConfigurationDelegate - Finished Spring Data repository scanning in 50 ms. Found 2 JPA repository interfaces.
2026-03-30 03:15:17 [INFO ] o.s.b.w.e.tomcat.TomcatWebServer - Tomcat initialized with port(s): 8080 (http)
2026-03-30 03:15:17 [INFO ] o.a.catalina.core.StandardService - Starting service [Tomcat]
2026-03-30 03:15:17 [INFO ] o.a.catalina.core.StandardEngine - Starting Servlet engine: [Apache Tomcat/10.1.15]
2026-03-30 03:15:17 [INFO ] o.a.c.c.C.[Tomcat].[localhost].[/] - Initializing Spring embedded WebApplicationContext
2026-03-30 03:15:17 [INFO ] o.s.b.w.s.c.ServletWebServerApplicationContext - Root WebApplicationContext: initialization completed in 2262 ms
2026-03-30 03:15:17 [INFO ] com.zaxxer.hikari.HikariDataSource - HikariPool-1 - Starting...
2026-03-30 03:15:17 [INFO ] com.zaxxer.hikari.pool.HikariPool - HikariPool-1 - Added connection org.postgresql.jdbc.PgConnection@2430cf17
2026-03-30 03:15:17 [INFO ] com.zaxxer.hikari.HikariDataSource - HikariPool-1 - Start completed.
2026-03-30 03:15:18 [INFO ] o.f.c.i.license.VersionPrinter - Flyway Community Edition 9.22.3 by Redgate
2026-03-30 03:15:18 [INFO ] o.f.c.i.license.VersionPrinter - See release notes here: https://rd.gt/416ObMi
2026-03-30 03:15:18 [INFO ] o.f.c.i.license.VersionPrinter - 
2026-03-30 03:15:18 [INFO ] org.flywaydb.core.FlywayExecutor - Database: jdbc:postgresql://localhost:5432/appdb (PostgreSQL 18.3)
2026-03-30 03:15:18 [WARN ] o.f.c.i.database.base.Database - Flyway upgrade recommended: PostgreSQL 18.3 is newer than this version of Flyway and support has not been tested. The latest supported version of PostgreSQL is 15.
2026-03-30 03:15:18 [INFO ] o.f.core.internal.command.DbValidate - Successfully validated 3 migrations (execution time 00:00.042s)
2026-03-30 03:15:18 [INFO ] o.f.core.internal.command.DbMigrate - Current version of schema "public": 3
2026-03-30 03:15:18 [INFO ] o.f.core.internal.command.DbMigrate - Schema "public" is up to date. No migration necessary.
2026-03-30 03:15:18 [INFO ] o.h.jpa.internal.util.LogHelper - HHH000204: Processing PersistenceUnitInfo [name: default]
2026-03-30 03:15:18 [INFO ] org.hibernate.Version - HHH000412: Hibernate ORM core version 6.2.13.Final
2026-03-30 03:15:18 [INFO ] org.hibernate.cfg.Environment - HHH000406: Using bytecode reflection optimizer
2026-03-30 03:15:18 [INFO ] o.s.o.j.p.SpringPersistenceUnitInfo - No LoadTimeWeaver setup: ignoring JPA class transformer
2026-03-30 03:15:18 [WARN ] org.hibernate.orm.deprecation - HHH90000025: PostgreSQLDialect does not need to be specified explicitly using 'hibernate.dialect' (remove the property setting and it will be selected by default)
2026-03-30 03:15:19 [INFO ] o.h.e.t.j.p.i.JtaPlatformInitiator - HHH000489: No JTA platform available (set 'hibernate.transaction.jta.platform' to enable JTA platform integration)
2026-03-30 03:15:19 [INFO ] o.s.o.j.LocalContainerEntityManagerFactoryBean - Initialized JPA EntityManagerFactory for persistence unit 'default'
2026-03-30 03:15:20 [DEBUG] c.e.d.s.JwtAuthenticationFilter - Filter 'jwtAuthenticationFilter' configured for use
2026-03-30 03:15:20 [INFO ] o.s.b.a.e.web.EndpointLinksResolver - Exposing 5 endpoint(s) beneath base path '/actuator'
2026-03-30 03:15:20 [INFO ] o.s.b.a.w.s.WelcomePageHandlerMapping - Adding welcome page: class path resource [static/index.html]
2026-03-30 03:15:21 [INFO ] o.s.s.web.DefaultSecurityFilterChain - Will secure any request with [org.springframework.security.web.session.DisableEncodeUrlFilter@2976d625, org.springframework.security.web.context.request.async.WebAsyncManagerIntegrationFilter@693afcd1, org.springframework.security.web.context.SecurityContextHolderFilter@b65cc8b, org.springframework.security.web.header.HeaderWriterFilter@1d92d132, org.springframework.web.filter.CorsFilter@4bdd6fe0, org.springframework.security.web.authentication.logout.LogoutFilter@3118ed2c, com.example.demo.security.JwtAuthenticationFilter@35bfa7be, org.springframework.security.web.savedrequest.RequestCacheAwareFilter@7677d320, org.springframework.security.web.servletapi.SecurityContextHolderAwareRequestFilter@71f9f8ba, org.springframework.security.web.authentication.AnonymousAuthenticationFilter@3aaeb65b, org.springframework.security.web.session.SessionManagementFilter@1b78c34b, org.springframework.security.web.access.ExceptionTranslationFilter@5bb00dcc, org.springframework.security.web.access.intercept.AuthorizationFilter@7bd76b79]
2026-03-30 03:15:21 [INFO ] o.s.b.w.e.tomcat.TomcatWebServer - Tomcat started on port(s): 8080 (http) with context path ''
2026-03-30 03:15:21 [INFO ] com.example.demo.DemoApplicationKt - Started DemoApplicationKt in 6.658 seconds (process running for 7.04)
2026-03-30 03:15:21 [INFO ] com.example.demo.DemoApplication - Demo Application started successfully!
2026-03-30 03:15:31 [INFO ] o.s.o.j.LocalContainerEntityManagerFactoryBean - Closing JPA EntityManagerFactory for persistence unit 'default'
2026-03-30 03:15:31 [INFO ] com.zaxxer.hikari.HikariDataSource - HikariPool-1 - Shutdown initiated...
2026-03-30 03:15:31 [INFO ] com.zaxxer.hikari.HikariDataSource - HikariPool-1 - Shutdown completed.
2026-03-30 03:15:55 [INFO ] com.example.demo.DemoApplicationKt - Starting DemoApplicationKt using Java 17.0.14 with PID 38816 (C:\Users\Asus\Desktop\pipo\pipo2\build\classes\kotlin\main started by Asus in C:\Users\Asus\Desktop\pipo\pipo2)
2026-03-30 03:15:55 [DEBUG] com.example.demo.DemoApplicationKt - Running with Spring Boot v3.1.5, Spring v6.0.13
2026-03-30 03:15:55 [INFO ] com.example.demo.DemoApplicationKt - No active profile set, falling back to 1 default profile: "default"
2026-03-30 03:15:57 [INFO ] o.s.d.r.c.RepositoryConfigurationDelegate - Bootstrapping Spring Data JPA repositories in DEFAULT mode.
2026-03-30 03:15:57 [INFO ] o.s.d.r.c.RepositoryConfigurationDelegate - Finished Spring Data repository scanning in 50 ms. Found 2 JPA repository interfaces.
2026-03-30 03:15:57 [INFO ] o.s.b.w.e.tomcat.TomcatWebServer - Tomcat initialized with port(s): 8080 (http)
2026-03-30 03:15:57 [INFO ] o.a.catalina.core.StandardService - Starting service [Tomcat]
2026-03-30 03:15:57 [INFO ] o.a.catalina.core.StandardEngine - Starting Servlet engine: [Apache Tomcat/10.1.15]
2026-03-30 03:15:58 [INFO ] o.a.c.c.C.[Tomcat].[localhost].[/] - Initializing Spring embedded WebApplicationContext
2026-03-30 03:15:58 [INFO ] o.s.b.w.s.c.ServletWebServerApplicationContext - Root WebApplicationContext: initialization completed in 2137 ms
2026-03-30 03:15:58 [INFO ] com.zaxxer.hikari.HikariDataSource - HikariPool-1 - Starting...
2026-03-30 03:15:58 [INFO ] com.zaxxer.hikari.pool.HikariPool - HikariPool-1 - Added connection org.postgresql.jdbc.PgConnection@2e1291a4
2026-03-30 03:15:58 [INFO ] com.zaxxer.hikari.HikariDataSource - HikariPool-1 - Start completed.
2026-03-30 03:15:58 [INFO ] o.f.c.i.license.VersionPrinter - Flyway Community Edition 9.22.3 by Redgate
2026-03-30 03:15:58 [INFO ] o.f.c.i.license.VersionPrinter - See release notes here: https://rd.gt/416ObMi
2026-03-30 03:15:58 [INFO ] o.f.c.i.license.VersionPrinter - 
2026-03-30 03:15:58 [INFO ] org.flywaydb.core.FlywayExecutor - Database: jdbc:postgresql://localhost:5432/appdb (PostgreSQL 18.3)
2026-03-30 03:15:58 [WARN ] o.f.c.i.database.base.Database - Flyway upgrade recommended: PostgreSQL 18.3 is newer than this version of Flyway and support has not been tested. The latest supported version of PostgreSQL is 15.
2026-03-30 03:15:58 [INFO ] o.f.core.internal.command.DbValidate - Successfully validated 3 migrations (execution time 00:00.037s)
2026-03-30 03:15:58 [INFO ] o.f.core.internal.command.DbMigrate - Current version of schema "public": 3
2026-03-30 03:15:58 [INFO ] o.f.core.internal.command.DbMigrate - Schema "public" is up to date. No migration necessary.
2026-03-30 03:15:58 [INFO ] o.h.jpa.internal.util.LogHelper - HHH000204: Processing PersistenceUnitInfo [name: default]
2026-03-30 03:15:58 [INFO ] org.hibernate.Version - HHH000412: Hibernate ORM core version 6.2.13.Final
2026-03-30 03:15:58 [INFO ] org.hibernate.cfg.Environment - HHH000406: Using bytecode reflection optimizer
2026-03-30 03:15:58 [INFO ] o.s.o.j.p.SpringPersistenceUnitInfo - No LoadTimeWeaver setup: ignoring JPA class transformer
2026-03-30 03:15:59 [WARN ] org.hibernate.orm.deprecation - HHH90000025: PostgreSQLDialect does not need to be specified explicitly using 'hibernate.dialect' (remove the property setting and it will be selected by default)
2026-03-30 03:15:59 [INFO ] o.h.e.t.j.p.i.JtaPlatformInitiator - HHH000489: No JTA platform available (set 'hibernate.transaction.jta.platform' to enable JTA platform integration)
2026-03-30 03:15:59 [INFO ] o.s.o.j.LocalContainerEntityManagerFactoryBean - Initialized JPA EntityManagerFactory for persistence unit 'default'
2026-03-30 03:16:00 [DEBUG] c.e.d.s.JwtAuthenticationFilter - Filter 'jwtAuthenticationFilter' configured for use
2026-03-30 03:16:01 [INFO ] o.s.b.a.e.web.EndpointLinksResolver - Exposing 5 endpoint(s) beneath base path '/actuator'
2026-03-30 03:16:01 [INFO ] o.s.b.a.w.s.WelcomePageHandlerMapping - Adding welcome page: class path resource [static/index.html]
2026-03-30 03:16:01 [INFO ] o.s.s.web.DefaultSecurityFilterChain - Will secure any request with [org.springframework.security.web.session.DisableEncodeUrlFilter@693afcd1, org.springframework.security.web.context.request.async.WebAsyncManagerIntegrationFilter@4bdd6fe0, org.springframework.security.web.context.SecurityContextHolderFilter@56da2437, org.springframework.security.web.header.HeaderWriterFilter@59acb725, org.springframework.web.filter.CorsFilter@3aaeb65b, org.springframework.security.web.authentication.logout.LogoutFilter@5bc150e9, com.example.demo.security.JwtAuthenticationFilter@35bfa7be, org.springframework.security.web.savedrequest.RequestCacheAwareFilter@545d772e, org.springframework.security.web.servletapi.SecurityContextHolderAwareRequestFilter@7685912e, org.springframework.security.web.authentication.AnonymousAuthenticationFilter@25f688d5, org.springframework.security.web.session.SessionManagementFilter@640890bc, org.springframework.security.web.access.ExceptionTranslationFilter@57ce8f63, org.springframework.security.web.access.intercept.AuthorizationFilter@5fdfa35d]
2026-03-30 03:16:01 [INFO ] o.s.b.w.e.tomcat.TomcatWebServer - Tomcat started on port(s): 8080 (http) with context path ''
2026-03-30 03:16:01 [INFO ] com.example.demo.DemoApplicationKt - Started DemoApplicationKt in 6.379 seconds (process running for 6.754)
2026-03-30 03:16:01 [INFO ] com.example.demo.DemoApplication - Demo Application started successfully!
2026-03-30 03:16:07 [INFO ] o.a.c.c.C.[Tomcat].[localhost].[/] - Initializing Spring DispatcherServlet 'dispatcherServlet'
2026-03-30 03:16:07 [INFO ] o.s.web.servlet.DispatcherServlet - Initializing Servlet 'dispatcherServlet'
2026-03-30 03:16:07 [INFO ] o.s.web.servlet.DispatcherServlet - Completed initialization in 1 ms
2026-03-30 03:16:41 [INFO ] o.s.o.j.LocalContainerEntityManagerFactoryBean - Closing JPA EntityManagerFactory for persistence unit 'default'
2026-03-30 03:16:41 [INFO ] com.zaxxer.hikari.HikariDataSource - HikariPool-1 - Shutdown initiated...
2026-03-30 03:16:41 [INFO ] com.zaxxer.hikari.HikariDataSource - HikariPool-1 - Shutdown completed.
2026-03-30 03:16:44 [INFO ] com.example.demo.DemoApplicationKt - Starting DemoApplicationKt using Java 17.0.14 with PID 23360 (C:\Users\Asus\Desktop\pipo\pipo2\build\classes\kotlin\main started by Asus in C:\Users\Asus\Desktop\pipo\pipo2)
2026-03-30 03:16:44 [DEBUG] com.example.demo.DemoApplicationKt - Running with Spring Boot v3.1.5, Spring v6.0.13
2026-03-30 03:16:44 [INFO ] com.example.demo.DemoApplicationKt - No active profile set, falling back to 1 default profile: "default"
2026-03-30 03:16:45 [INFO ] o.s.d.r.c.RepositoryConfigurationDelegate - Bootstrapping Spring Data JPA repositories in DEFAULT mode.
2026-03-30 03:16:45 [INFO ] o.s.d.r.c.RepositoryConfigurationDelegate - Finished Spring Data repository scanning in 52 ms. Found 2 JPA repository interfaces.
2026-03-30 03:16:46 [INFO ] o.s.b.w.e.tomcat.TomcatWebServer - Tomcat initialized with port(s): 8080 (http)
2026-03-30 03:16:46 [INFO ] o.a.catalina.core.StandardService - Starting service [Tomcat]
2026-03-30 03:16:46 [INFO ] o.a.catalina.core.StandardEngine - Starting Servlet engine: [Apache Tomcat/10.1.15]
2026-03-30 03:16:46 [INFO ] o.a.c.c.C.[Tomcat].[localhost].[/] - Initializing Spring embedded WebApplicationContext
2026-03-30 03:16:46 [INFO ] o.s.b.w.s.c.ServletWebServerApplicationContext - Root WebApplicationContext: initialization completed in 2153 ms
2026-03-30 03:16:46 [INFO ] com.zaxxer.hikari.HikariDataSource - HikariPool-1 - Starting...
2026-03-30 03:16:46 [INFO ] com.zaxxer.hikari.pool.HikariPool - HikariPool-1 - Added connection org.postgresql.jdbc.PgConnection@4e52d2f2
2026-03-30 03:16:46 [INFO ] com.zaxxer.hikari.HikariDataSource - HikariPool-1 - Start completed.
2026-03-30 03:16:46 [INFO ] o.f.c.i.license.VersionPrinter - Flyway Community Edition 9.22.3 by Redgate
2026-03-30 03:16:46 [INFO ] o.f.c.i.license.VersionPrinter - See release notes here: https://rd.gt/416ObMi
2026-03-30 03:16:46 [INFO ] o.f.c.i.license.VersionPrinter - 
2026-03-30 03:16:46 [INFO ] org.flywaydb.core.FlywayExecutor - Database: jdbc:postgresql://localhost:5432/appdb (PostgreSQL 18.3)
2026-03-30 03:16:46 [WARN ] o.f.c.i.database.base.Database - Flyway upgrade recommended: PostgreSQL 18.3 is newer than this version of Flyway and support has not been tested. The latest supported version of PostgreSQL is 15.
2026-03-30 03:16:46 [INFO ] o.f.core.internal.command.DbValidate - Successfully validated 3 migrations (execution time 00:00.026s)
2026-03-30 03:16:46 [INFO ] o.f.core.internal.command.DbMigrate - Current version of schema "public": 3
2026-03-30 03:16:46 [INFO ] o.f.core.internal.command.DbMigrate - Schema "public" is up to date. No migration necessary.
2026-03-30 03:16:46 [INFO ] o.h.jpa.internal.util.LogHelper - HHH000204: Processing PersistenceUnitInfo [name: default]
2026-03-30 03:16:46 [INFO ] org.hibernate.Version - HHH000412: Hibernate ORM core version 6.2.13.Final
2026-03-30 03:16:46 [INFO ] org.hibernate.cfg.Environment - HHH000406: Using bytecode reflection optimizer
2026-03-30 03:16:47 [INFO ] o.s.o.j.p.SpringPersistenceUnitInfo - No LoadTimeWeaver setup: ignoring JPA class transformer
2026-03-30 03:16:47 [WARN ] org.hibernate.orm.deprecation - HHH90000025: PostgreSQLDialect does not need to be specified explicitly using 'hibernate.dialect' (remove the property setting and it will be selected by default)
2026-03-30 03:16:47 [INFO ] o.h.e.t.j.p.i.JtaPlatformInitiator - HHH000489: No JTA platform available (set 'hibernate.transaction.jta.platform' to enable JTA platform integration)
2026-03-30 03:16:47 [INFO ] o.s.o.j.LocalContainerEntityManagerFactoryBean - Initialized JPA EntityManagerFactory for persistence unit 'default'
2026-03-30 03:16:48 [DEBUG] c.e.d.s.JwtAuthenticationFilter - Filter 'jwtAuthenticationFilter' configured for use
2026-03-30 03:16:48 [INFO ] o.s.b.a.e.web.EndpointLinksResolver - Exposing 5 endpoint(s) beneath base path '/actuator'
2026-03-30 03:16:49 [INFO ] o.s.b.a.w.s.WelcomePageHandlerMapping - Adding welcome page: class path resource [static/index.html]
2026-03-30 03:16:49 [INFO ] o.s.s.web.DefaultSecurityFilterChain - Will secure any request with [org.springframework.security.web.session.DisableEncodeUrlFilter@2d63534d, org.springframework.security.web.context.request.async.WebAsyncManagerIntegrationFilter@6316b9e3, org.springframework.security.web.context.SecurityContextHolderFilter@a6f34f5, org.springframework.security.web.header.HeaderWriterFilter@f7a19c4, org.springframework.web.filter.CorsFilter@186f7553, org.springframework.security.web.authentication.logout.LogoutFilter@76e5d5e5, com.example.demo.security.JwtAuthenticationFilter@75c5ab79, org.springframework.security.web.savedrequest.RequestCacheAwareFilter@3118ed2c, org.springframework.security.web.servletapi.SecurityContextHolderAwareRequestFilter@28fa0ff8, org.springframework.security.web.authentication.AnonymousAuthenticationFilter@44835de9, org.springframework.security.web.session.SessionManagementFilter@7a2d676e, org.springframework.security.web.access.ExceptionTranslationFilter@4c2ad035, org.springframework.security.web.access.intercept.AuthorizationFilter@251d64d6]
2026-03-30 03:16:49 [INFO ] o.s.b.w.e.tomcat.TomcatWebServer - Tomcat started on port(s): 8080 (http) with context path ''
2026-03-30 03:16:49 [INFO ] com.example.demo.DemoApplicationKt - Started DemoApplicationKt in 6.0 seconds (process running for 6.38)
2026-03-30 03:16:49 [INFO ] com.example.demo.DemoApplication - Demo Application started successfully!
2026-03-30 03:16:52 [INFO ] o.a.c.c.C.[Tomcat].[localhost].[/] - Initializing Spring DispatcherServlet 'dispatcherServlet'
2026-03-30 03:16:52 [INFO ] o.s.web.servlet.DispatcherServlet - Initializing Servlet 'dispatcherServlet'
2026-03-30 03:16:52 [INFO ] o.s.web.servlet.DispatcherServlet - Completed initialization in 2 ms
2026-03-30 03:17:12 [INFO ] o.s.o.j.LocalContainerEntityManagerFactoryBean - Closing JPA EntityManagerFactory for persistence unit 'default'
2026-03-30 03:17:12 [INFO ] com.zaxxer.hikari.HikariDataSource - HikariPool-1 - Shutdown initiated...
2026-03-30 03:17:12 [INFO ] com.zaxxer.hikari.HikariDataSource - HikariPool-1 - Shutdown completed.
2026-03-30 03:17:15 [INFO ] com.example.demo.DemoApplicationKt - Starting DemoApplicationKt using Java 17.0.14 with PID 19812 (C:\Users\Asus\Desktop\pipo\pipo2\build\classes\kotlin\main started by Asus in C:\Users\Asus\Desktop\pipo\pipo2)
2026-03-30 03:17:15 [DEBUG] com.example.demo.DemoApplicationKt - Running with Spring Boot v3.1.5, Spring v6.0.13
2026-03-30 03:17:15 [INFO ] com.example.demo.DemoApplicationKt - No active profile set, falling back to 1 default profile: "default"
2026-03-30 03:17:16 [INFO ] o.s.d.r.c.RepositoryConfigurationDelegate - Bootstrapping Spring Data JPA repositories in DEFAULT mode.
2026-03-30 03:17:17 [INFO ] o.s.d.r.c.RepositoryConfigurationDelegate - Finished Spring Data repository scanning in 53 ms. Found 2 JPA repository interfaces.
2026-03-30 03:17:17 [INFO ] o.s.b.w.e.tomcat.TomcatWebServer - Tomcat initialized with port(s): 8080 (http)
2026-03-30 03:17:17 [INFO ] o.a.catalina.core.StandardService - Starting service [Tomcat]
2026-03-30 03:17:17 [INFO ] o.a.catalina.core.StandardEngine - Starting Servlet engine: [Apache Tomcat/10.1.15]
2026-03-30 03:17:18 [INFO ] o.a.c.c.C.[Tomcat].[localhost].[/] - Initializing Spring embedded WebApplicationContext
2026-03-30 03:17:18 [INFO ] o.s.b.w.s.c.ServletWebServerApplicationContext - Root WebApplicationContext: initialization completed in 2586 ms
2026-03-30 03:17:18 [INFO ] com.zaxxer.hikari.HikariDataSource - HikariPool-1 - Starting...
2026-03-30 03:17:18 [INFO ] com.zaxxer.hikari.pool.HikariPool - HikariPool-1 - Added connection org.postgresql.jdbc.PgConnection@792e8181
2026-03-30 03:17:18 [INFO ] com.zaxxer.hikari.HikariDataSource - HikariPool-1 - Start completed.
2026-03-30 03:17:18 [INFO ] o.f.c.i.license.VersionPrinter - Flyway Community Edition 9.22.3 by Redgate
2026-03-30 03:17:18 [INFO ] o.f.c.i.license.VersionPrinter - See release notes here: https://rd.gt/416ObMi
2026-03-30 03:17:18 [INFO ] o.f.c.i.license.VersionPrinter - 
2026-03-30 03:17:18 [INFO ] org.flywaydb.core.FlywayExecutor - Database: jdbc:postgresql://localhost:5432/appdb (PostgreSQL 18.3)
2026-03-30 03:17:18 [WARN ] o.f.c.i.database.base.Database - Flyway upgrade recommended: PostgreSQL 18.3 is newer than this version of Flyway and support has not been tested. The latest supported version of PostgreSQL is 15.
2026-03-30 03:17:18 [INFO ] o.f.core.internal.command.DbValidate - Successfully validated 3 migrations (execution time 00:00.034s)
2026-03-30 03:17:18 [INFO ] o.f.core.internal.command.DbMigrate - Current version of schema "public": 3
2026-03-30 03:17:18 [INFO ] o.f.core.internal.command.DbMigrate - Schema "public" is up to date. No migration necessary.
2026-03-30 03:17:18 [INFO ] o.h.jpa.internal.util.LogHelper - HHH000204: Processing PersistenceUnitInfo [name: default]
2026-03-30 03:17:18 [INFO ] org.hibernate.Version - HHH000412: Hibernate ORM core version 6.2.13.Final
2026-03-30 03:17:18 [INFO ] org.hibernate.cfg.Environment - HHH000406: Using bytecode reflection optimizer
2026-03-30 03:17:19 [INFO ] o.s.o.j.p.SpringPersistenceUnitInfo - No LoadTimeWeaver setup: ignoring JPA class transformer
2026-03-30 03:17:19 [WARN ] org.hibernate.orm.deprecation - HHH90000025: PostgreSQLDialect does not need to be specified explicitly using 'hibernate.dialect' (remove the property setting and it will be selected by default)
2026-03-30 03:17:20 [INFO ] o.h.e.t.j.p.i.JtaPlatformInitiator - HHH000489: No JTA platform available (set 'hibernate.transaction.jta.platform' to enable JTA platform integration)
2026-03-30 03:17:20 [INFO ] o.s.o.j.LocalContainerEntityManagerFactoryBean - Initialized JPA EntityManagerFactory for persistence unit 'default'
2026-03-30 03:17:20 [DEBUG] c.e.d.s.JwtAuthenticationFilter - Filter 'jwtAuthenticationFilter' configured for use
2026-03-30 03:17:21 [INFO ] o.s.b.a.e.web.EndpointLinksResolver - Exposing 5 endpoint(s) beneath base path '/actuator'
2026-03-30 03:17:21 [INFO ] o.s.b.a.w.s.WelcomePageHandlerMapping - Adding welcome page: class path resource [static/index.html]
2026-03-30 03:17:21 [INFO ] o.s.s.web.DefaultSecurityFilterChain - Will secure any request with [org.springframework.security.web.session.DisableEncodeUrlFilter@5fdfa35d, org.springframework.security.web.context.request.async.WebAsyncManagerIntegrationFilter@43165282, org.springframework.security.web.context.SecurityContextHolderFilter@640890bc, org.springframework.security.web.header.HeaderWriterFilter@5bb00dcc, org.springframework.web.filter.CorsFilter@2976d625, org.springframework.security.web.authentication.logout.LogoutFilter@a6f34f5, com.example.demo.security.JwtAuthenticationFilter@f1e5f85, org.springframework.security.web.savedrequest.RequestCacheAwareFilter@b65cc8b, org.springframework.security.web.servletapi.SecurityContextHolderAwareRequestFilter@7677d320, org.springframework.security.web.authentication.AnonymousAuthenticationFilter@693afcd1, org.springframework.security.web.session.SessionManagementFilter@6d5a4e59, org.springframework.security.web.access.ExceptionTranslationFilter@6285027a, org.springframework.security.web.access.intercept.AuthorizationFilter@5769679b]
2026-03-30 03:17:21 [INFO ] o.s.b.w.e.tomcat.TomcatWebServer - Tomcat started on port(s): 8080 (http) with context path ''
2026-03-30 03:17:21 [INFO ] com.example.demo.DemoApplicationKt - Started DemoApplicationKt in 6.792 seconds (process running for 7.174)
2026-03-30 03:17:21 [INFO ] com.example.demo.DemoApplication - Demo Application started successfully!
2026-03-30 03:17:24 [INFO ] o.a.c.c.C.[Tomcat].[localhost].[/] - Initializing Spring DispatcherServlet 'dispatcherServlet'
2026-03-30 03:17:24 [INFO ] o.s.web.servlet.DispatcherServlet - Initializing Servlet 'dispatcherServlet'
2026-03-30 03:17:24 [INFO ] o.s.web.servlet.DispatcherServlet - Completed initialization in 1 ms
2026-03-30 03:17:58 [INFO ] o.s.o.j.LocalContainerEntityManagerFactoryBean - Closing JPA EntityManagerFactory for persistence unit 'default'
2026-03-30 03:17:58 [INFO ] com.zaxxer.hikari.HikariDataSource - HikariPool-1 - Shutdown initiated...
2026-03-30 03:17:58 [INFO ] com.zaxxer.hikari.HikariDataSource - HikariPool-1 - Shutdown completed.
2026-03-30 03:18:01 [INFO ] com.example.demo.DemoApplicationKt - Starting DemoApplicationKt using Java 17.0.14 with PID 13136 (C:\Users\Asus\Desktop\pipo\pipo2\build\classes\kotlin\main started by Asus in C:\Users\Asus\Desktop\pipo\pipo2)
2026-03-30 03:18:01 [DEBUG] com.example.demo.DemoApplicationKt - Running with Spring Boot v3.1.5, Spring v6.0.13
2026-03-30 03:18:01 [INFO ] com.example.demo.DemoApplicationKt - No active profile set, falling back to 1 default profile: "default"
2026-03-30 03:18:02 [INFO ] o.s.d.r.c.RepositoryConfigurationDelegate - Bootstrapping Spring Data JPA repositories in DEFAULT mode.
2026-03-30 03:18:02 [INFO ] o.s.d.r.c.RepositoryConfigurationDelegate - Finished Spring Data repository scanning in 52 ms. Found 2 JPA repository interfaces.
2026-03-30 03:18:03 [INFO ] o.s.b.w.e.tomcat.TomcatWebServer - Tomcat initialized with port(s): 8080 (http)
2026-03-30 03:18:03 [INFO ] o.a.catalina.core.StandardService - Starting service [Tomcat]
2026-03-30 03:18:03 [INFO ] o.a.catalina.core.StandardEngine - Starting Servlet engine: [Apache Tomcat/10.1.15]
2026-03-30 03:18:03 [INFO ] o.a.c.c.C.[Tomcat].[localhost].[/] - Initializing Spring embedded WebApplicationContext
2026-03-30 03:18:03 [INFO ] o.s.b.w.s.c.ServletWebServerApplicationContext - Root WebApplicationContext: initialization completed in 2139 ms
2026-03-30 03:18:03 [INFO ] com.zaxxer.hikari.HikariDataSource - HikariPool-1 - Starting...
2026-03-30 03:18:03 [INFO ] com.zaxxer.hikari.pool.HikariPool - HikariPool-1 - Added connection org.postgresql.jdbc.PgConnection@7434ee13
2026-03-30 03:18:03 [INFO ] com.zaxxer.hikari.HikariDataSource - HikariPool-1 - Start completed.
2026-03-30 03:18:03 [INFO ] o.f.c.i.license.VersionPrinter - Flyway Community Edition 9.22.3 by Redgate
2026-03-30 03:18:03 [INFO ] o.f.c.i.license.VersionPrinter - See release notes here: https://rd.gt/416ObMi
2026-03-30 03:18:03 [INFO ] o.f.c.i.license.VersionPrinter - 
2026-03-30 03:18:03 [INFO ] org.flywaydb.core.FlywayExecutor - Database: jdbc:postgresql://localhost:5432/appdb (PostgreSQL 18.3)
2026-03-30 03:18:03 [WARN ] o.f.c.i.database.base.Database - Flyway upgrade recommended: PostgreSQL 18.3 is newer than this version of Flyway and support has not been tested. The latest supported version of PostgreSQL is 15.
2026-03-30 03:18:03 [INFO ] o.f.core.internal.command.DbValidate - Successfully validated 3 migrations (execution time 00:00.026s)
2026-03-30 03:18:03 [INFO ] o.f.core.internal.command.DbMigrate - Current version of schema "public": 3
2026-03-30 03:18:03 [INFO ] o.f.core.internal.command.DbMigrate - Schema "public" is up to date. No migration necessary.
2026-03-30 03:18:03 [INFO ] o.h.jpa.internal.util.LogHelper - HHH000204: Processing PersistenceUnitInfo [name: default]
2026-03-30 03:18:03 [INFO ] org.hibernate.Version - HHH000412: Hibernate ORM core version 6.2.13.Final
2026-03-30 03:18:03 [INFO ] org.hibernate.cfg.Environment - HHH000406: Using bytecode reflection optimizer
2026-03-30 03:18:04 [INFO ] o.s.o.j.p.SpringPersistenceUnitInfo - No LoadTimeWeaver setup: ignoring JPA class transformer
2026-03-30 03:18:04 [WARN ] org.hibernate.orm.deprecation - HHH90000025: PostgreSQLDialect does not need to be specified explicitly using 'hibernate.dialect' (remove the property setting and it will be selected by default)
2026-03-30 03:18:05 [INFO ] o.h.e.t.j.p.i.JtaPlatformInitiator - HHH000489: No JTA platform available (set 'hibernate.transaction.jta.platform' to enable JTA platform integration)
2026-03-30 03:18:05 [INFO ] o.s.o.j.LocalContainerEntityManagerFactoryBean - Initialized JPA EntityManagerFactory for persistence unit 'default'
2026-03-30 03:18:05 [DEBUG] c.e.d.s.JwtAuthenticationFilter - Filter 'jwtAuthenticationFilter' configured for use
2026-03-30 03:18:05 [INFO ] o.s.b.a.e.web.EndpointLinksResolver - Exposing 5 endpoint(s) beneath base path '/actuator'
2026-03-30 03:18:06 [INFO ] o.s.b.a.w.s.WelcomePageHandlerMapping - Adding welcome page: class path resource [static/index.html]
2026-03-30 03:18:06 [INFO ] o.s.s.web.DefaultSecurityFilterChain - Will secure any request with [org.springframework.security.web.session.DisableEncodeUrlFilter@251d64d6, org.springframework.security.web.context.request.async.WebAsyncManagerIntegrationFilter@4d96c290, org.springframework.security.web.context.SecurityContextHolderFilter@7a2d676e, org.springframework.security.web.header.HeaderWriterFilter@685a3c14, org.springframework.web.filter.CorsFilter@17e96b3c, org.springframework.security.web.authentication.logout.LogoutFilter@5327c503, com.example.demo.security.JwtAuthenticationFilter@5c39da9e, org.springframework.security.web.savedrequest.RequestCacheAwareFilter@6970687e, org.springframework.security.web.servletapi.SecurityContextHolderAwareRequestFilter@1b6824c1, org.springframework.security.web.authentication.AnonymousAuthenticationFilter@2d63534d, org.springframework.security.web.session.SessionManagementFilter@502a9b30, org.springframework.security.web.access.ExceptionTranslationFilter@5304cee, org.springframework.security.web.access.intercept.AuthorizationFilter@3bea7134]
2026-03-30 03:18:06 [INFO ] o.s.b.w.e.tomcat.TomcatWebServer - Tomcat started on port(s): 8080 (http) with context path ''
2026-03-30 03:18:06 [INFO ] com.example.demo.DemoApplicationKt - Started DemoApplicationKt in 5.991 seconds (process running for 6.391)
2026-03-30 03:18:06 [INFO ] com.example.demo.DemoApplication - Demo Application started successfully!
2026-03-30 03:18:10 [INFO ] o.a.c.c.C.[Tomcat].[localhost].[/] - Initializing Spring DispatcherServlet 'dispatcherServlet'
2026-03-30 03:18:10 [INFO ] o.s.web.servlet.DispatcherServlet - Initializing Servlet 'dispatcherServlet'
2026-03-30 03:18:10 [INFO ] o.s.web.servlet.DispatcherServlet - Completed initialization in 1 ms
2026-03-30 03:18:17 [INFO ] c.e.demo.controller.AuthController - Received login request for username: artem3
2026-03-30 03:18:17 [INFO ] c.example.demo.service.AuthService - Login attempt for user: artem3
2026-03-30 03:18:17 [DEBUG] c.e.demo.security.JwtTokenProvider - Generating JWT token for username=artem3, userId=7
2026-03-30 03:18:17 [INFO ] c.example.demo.service.AuthService - User logged in successfully: artem3
2026-03-30 03:18:17 [DEBUG] c.e.demo.security.JwtTokenProvider - JWT token is valid
2026-03-30 03:18:17 [DEBUG] c.e.demo.security.JwtTokenProvider - Extracting username from JWT token
2026-03-30 03:18:17 [DEBUG] c.e.demo.security.JwtTokenProvider - Extracting role from JWT token
2026-03-30 03:18:17 [DEBUG] c.e.demo.controller.ItemController - Extracting userId from JWT token
2026-03-30 03:18:17 [DEBUG] c.e.demo.security.JwtTokenProvider - Extracting userId from JWT token
2026-03-30 03:18:17 [INFO ] c.e.demo.controller.ItemController - Fetching items for userId=7 with pageable=Page request [number: 0, size 10, sort: createdAt: DESC]
2026-03-30 03:18:17 [DEBUG] c.example.demo.service.ItemService - Fetching items for user ID: 7
2026-03-30 03:18:18 [INFO ] c.e.demo.controller.ItemController - Items fetched successfully for userId=7
2026-03-30 03:18:43 [INFO ] c.e.demo.controller.AuthController - Received login request for username: artem3
2026-03-30 03:18:43 [INFO ] c.example.demo.service.AuthService - Login attempt for user: artem3
2026-03-30 03:18:43 [DEBUG] c.e.demo.security.JwtTokenProvider - Generating JWT token for username=artem3, userId=7
2026-03-30 03:18:43 [INFO ] c.example.demo.service.AuthService - User logged in successfully: artem3
2026-03-30 03:18:43 [DEBUG] c.e.demo.security.JwtTokenProvider - JWT token is valid
2026-03-30 03:18:43 [DEBUG] c.e.demo.security.JwtTokenProvider - Extracting username from JWT token
2026-03-30 03:18:43 [DEBUG] c.e.demo.security.JwtTokenProvider - Extracting role from JWT token
2026-03-30 03:18:43 [DEBUG] c.e.demo.controller.ItemController - Extracting userId from JWT token
2026-03-30 03:18:43 [DEBUG] c.e.demo.security.JwtTokenProvider - Extracting userId from JWT token
2026-03-30 03:18:43 [INFO ] c.e.demo.controller.ItemController - Fetching items for userId=7 with pageable=Page request [number: 0, size 10, sort: createdAt: DESC]
2026-03-30 03:18:43 [DEBUG] c.example.demo.service.ItemService - Fetching items for user ID: 7
2026-03-30 03:18:43 [INFO ] c.e.demo.controller.ItemController - Items fetched successfully for userId=7
2026-03-30 03:19:26 [INFO ] o.s.api.AbstractOpenApiResource - Init duration for springdoc-openapi is: 386 ms
2026-03-30 04:17:34 [INFO ] o.s.o.j.LocalContainerEntityManagerFactoryBean - Closing JPA EntityManagerFactory for persistence unit 'default'
2026-03-30 04:17:34 [INFO ] com.zaxxer.hikari.HikariDataSource - HikariPool-1 - Shutdown initiated...
2026-03-30 04:17:34 [INFO ] com.zaxxer.hikari.HikariDataSource - HikariPool-1 - Shutdown completed.
